0 info it worked if it ends with ok
1 verbose cli [ '/usr/local/bin/node', '/usr/local/bin/npm', 'install' ]
2 info using npm@1.4.28
3 info using node@v0.10.34
4 verbose readDependencies using package.json deps
5 verbose install where, deps [ '/home/noam/Documents/Projects/hackathon_s15/race_fe',
5 verbose install   [ 'karma',
5 verbose install     'protractor',
5 verbose install     'http-server',
5 verbose install     'bower',
5 verbose install     'shelljs',
5 verbose install     'karma-junit-reporter' ] ]
6 info preinstall material-start@0.0.0
7 verbose readDependencies using package.json deps
8 verbose already installed skipping karma@~0.10 /home/noam/Documents/Projects/hackathon_s15/race_fe
9 verbose already installed skipping protractor@^1.1.1 /home/noam/Documents/Projects/hackathon_s15/race_fe
10 verbose already installed skipping http-server@^0.6.1 /home/noam/Documents/Projects/hackathon_s15/race_fe
11 verbose already installed skipping bower@^1.3.1 /home/noam/Documents/Projects/hackathon_s15/race_fe
12 verbose already installed skipping shelljs@^0.2.6 /home/noam/Documents/Projects/hackathon_s15/race_fe
13 verbose already installed skipping karma-junit-reporter@^0.2.2 /home/noam/Documents/Projects/hackathon_s15/race_fe
14 silly resolved []
15 info build /home/noam/Documents/Projects/hackathon_s15/race_fe
16 verbose linkStuff [ false,
16 verbose linkStuff   false,
16 verbose linkStuff   false,
16 verbose linkStuff   '/home/noam/Documents/Projects/hackathon_s15' ]
17 info linkStuff material-start@0.0.0
18 verbose linkBins material-start@0.0.0
19 verbose linkMans material-start@0.0.0
20 verbose rebuildBundles material-start@0.0.0
21 verbose rebuildBundles [ '.bin',
21 verbose rebuildBundles   'bower',
21 verbose rebuildBundles   'http-server',
21 verbose rebuildBundles   'karma',
21 verbose rebuildBundles   'karma-chrome-launcher',
21 verbose rebuildBundles   'karma-coffee-preprocessor',
21 verbose rebuildBundles   'karma-firefox-launcher',
21 verbose rebuildBundles   'karma-html2js-preprocessor',
21 verbose rebuildBundles   'karma-jasmine',
21 verbose rebuildBundles   'karma-junit-reporter',
21 verbose rebuildBundles   'karma-phantomjs-launcher',
21 verbose rebuildBundles   'karma-requirejs',
21 verbose rebuildBundles   'karma-script-launcher',
21 verbose rebuildBundles   'protractor',
21 verbose rebuildBundles   'requirejs',
21 verbose rebuildBundles   'shelljs' ]
22 verbose rebuild bundle /home/noam/Documents/Projects/hackathon_s15/race_fe/node_modules/karma-chrome-launcher
23 info build /home/noam/Documents/Projects/hackathon_s15/race_fe/node_modules/karma-chrome-launcher
24 info preinstall karma-chrome-launcher@0.1.7
25 verbose linkStuff [ false,
25 verbose linkStuff   false,
25 verbose linkStuff   false,
25 verbose linkStuff   '/home/noam/Documents/Projects/hackathon_s15/race_fe/node_modules' ]
26 info linkStuff karma-chrome-launcher@0.1.7
27 verbose linkBins karma-chrome-launcher@0.1.7
28 verbose linkMans karma-chrome-launcher@0.1.7
29 verbose rebuildBundles karma-chrome-launcher@0.1.7
30 info install karma-chrome-launcher@0.1.7
31 info postinstall karma-chrome-launcher@0.1.7
32 verbose rebuild bundle /home/noam/Documents/Projects/hackathon_s15/race_fe/node_modules/karma-coffee-preprocessor
33 info build /home/noam/Documents/Projects/hackathon_s15/race_fe/node_modules/karma-coffee-preprocessor
34 info preinstall karma-coffee-preprocessor@0.1.3
35 verbose linkStuff [ false,
35 verbose linkStuff   false,
35 verbose linkStuff   false,
35 verbose linkStuff   '/home/noam/Documents/Projects/hackathon_s15/race_fe/node_modules' ]
36 info linkStuff karma-coffee-preprocessor@0.1.3
37 verbose linkBins karma-coffee-preprocessor@0.1.3
38 verbose linkMans karma-coffee-preprocessor@0.1.3
39 verbose rebuildBundles karma-coffee-preprocessor@0.1.3
40 verbose rebuildBundles [ '.bin', 'coffee-script' ]
41 info install karma-coffee-preprocessor@0.1.3
42 info postinstall karma-coffee-preprocessor@0.1.3
43 verbose rebuild bundle /home/noam/Documents/Projects/hackathon_s15/race_fe/node_modules/karma-firefox-launcher
44 info build /home/noam/Documents/Projects/hackathon_s15/race_fe/node_modules/karma-firefox-launcher
45 info preinstall karma-firefox-launcher@0.1.4
46 verbose linkStuff [ false,
46 verbose linkStuff   false,
46 verbose linkStuff   false,
46 verbose linkStuff   '/home/noam/Documents/Projects/hackathon_s15/race_fe/node_modules' ]
47 info linkStuff karma-firefox-launcher@0.1.4
48 verbose linkBins karma-firefox-launcher@0.1.4
49 verbose linkMans karma-firefox-launcher@0.1.4
50 verbose rebuildBundles karma-firefox-launcher@0.1.4
51 info install karma-firefox-launcher@0.1.4
52 info postinstall karma-firefox-launcher@0.1.4
53 verbose rebuild bundle /home/noam/Documents/Projects/hackathon_s15/race_fe/node_modules/karma-html2js-preprocessor
54 info build /home/noam/Documents/Projects/hackathon_s15/race_fe/node_modules/karma-html2js-preprocessor
55 info preinstall karma-html2js-preprocessor@0.1.0
56 verbose linkStuff [ false,
56 verbose linkStuff   false,
56 verbose linkStuff   false,
56 verbose linkStuff   '/home/noam/Documents/Projects/hackathon_s15/race_fe/node_modules' ]
57 info linkStuff karma-html2js-preprocessor@0.1.0
58 verbose linkBins karma-html2js-preprocessor@0.1.0
59 verbose linkMans karma-html2js-preprocessor@0.1.0
60 verbose rebuildBundles karma-html2js-preprocessor@0.1.0
61 info install karma-html2js-preprocessor@0.1.0
62 info postinstall karma-html2js-preprocessor@0.1.0
63 verbose rebuild bundle /home/noam/Documents/Projects/hackathon_s15/race_fe/node_modules/karma-jasmine
64 info build /home/noam/Documents/Projects/hackathon_s15/race_fe/node_modules/karma-jasmine
65 info preinstall karma-jasmine@0.1.5
66 verbose linkStuff [ false,
66 verbose linkStuff   false,
66 verbose linkStuff   false,
66 verbose linkStuff   '/home/noam/Documents/Projects/hackathon_s15/race_fe/node_modules' ]
67 info linkStuff karma-jasmine@0.1.5
68 verbose linkBins karma-jasmine@0.1.5
69 verbose linkMans karma-jasmine@0.1.5
70 verbose rebuildBundles karma-jasmine@0.1.5
71 info install karma-jasmine@0.1.5
72 info postinstall karma-jasmine@0.1.5
73 verbose rebuild bundle /home/noam/Documents/Projects/hackathon_s15/race_fe/node_modules/karma-phantomjs-launcher
74 info build /home/noam/Documents/Projects/hackathon_s15/race_fe/node_modules/karma-phantomjs-launcher
75 info preinstall karma-phantomjs-launcher@0.1.4
76 verbose linkStuff [ false,
76 verbose linkStuff   false,
76 verbose linkStuff   false,
76 verbose linkStuff   '/home/noam/Documents/Projects/hackathon_s15/race_fe/node_modules' ]
77 info linkStuff karma-phantomjs-launcher@0.1.4
78 verbose linkBins karma-phantomjs-launcher@0.1.4
79 verbose linkMans karma-phantomjs-launcher@0.1.4
80 verbose rebuildBundles karma-phantomjs-launcher@0.1.4
81 verbose rebuildBundles [ '.bin', 'phantomjs' ]
82 info install karma-phantomjs-launcher@0.1.4
83 info postinstall karma-phantomjs-launcher@0.1.4
84 verbose rebuild bundle /home/noam/Documents/Projects/hackathon_s15/race_fe/node_modules/karma-requirejs
85 info build /home/noam/Documents/Projects/hackathon_s15/race_fe/node_modules/karma-requirejs
86 info preinstall karma-requirejs@0.2.2
87 verbose linkStuff [ false,
87 verbose linkStuff   false,
87 verbose linkStuff   false,
87 verbose linkStuff   '/home/noam/Documents/Projects/hackathon_s15/race_fe/node_modules' ]
88 info linkStuff karma-requirejs@0.2.2
89 verbose linkBins karma-requirejs@0.2.2
90 verbose linkMans karma-requirejs@0.2.2
91 verbose rebuildBundles karma-requirejs@0.2.2
92 info install karma-requirejs@0.2.2
93 info postinstall karma-requirejs@0.2.2
94 verbose rebuild bundle /home/noam/Documents/Projects/hackathon_s15/race_fe/node_modules/karma-script-launcher
95 info build /home/noam/Documents/Projects/hackathon_s15/race_fe/node_modules/karma-script-launcher
96 info preinstall karma-script-launcher@0.1.0
97 verbose linkStuff [ false,
97 verbose linkStuff   false,
97 verbose linkStuff   false,
97 verbose linkStuff   '/home/noam/Documents/Projects/hackathon_s15/race_fe/node_modules' ]
98 info linkStuff karma-script-launcher@0.1.0
99 verbose linkBins karma-script-launcher@0.1.0
100 verbose linkMans karma-script-launcher@0.1.0
101 verbose rebuildBundles karma-script-launcher@0.1.0
102 info install karma-script-launcher@0.1.0
103 info postinstall karma-script-launcher@0.1.0
104 verbose rebuild bundle /home/noam/Documents/Projects/hackathon_s15/race_fe/node_modules/requirejs
105 info build /home/noam/Documents/Projects/hackathon_s15/race_fe/node_modules/requirejs
106 info preinstall requirejs@2.1.17
107 verbose linkStuff [ false,
107 verbose linkStuff   false,
107 verbose linkStuff   false,
107 verbose linkStuff   '/home/noam/Documents/Projects/hackathon_s15/race_fe/node_modules' ]
108 info linkStuff requirejs@2.1.17
109 verbose linkBins requirejs@2.1.17
110 verbose link bins [ { 'r.js': './bin/r.js' },
110 verbose link bins   '/home/noam/Documents/Projects/hackathon_s15/race_fe/node_modules/.bin',
110 verbose link bins   false ]
111 verbose linkMans requirejs@2.1.17
112 verbose rebuildBundles requirejs@2.1.17
113 info install requirejs@2.1.17
114 info postinstall requirejs@2.1.17
115 info install material-start@0.0.0
116 info postinstall material-start@0.0.0
117 verbose unsafe-perm in lifecycle true
118 info material-start@0.0.0 Failed to exec postinstall script
119 error material-start@0.0.0 postinstall: `bower update`
119 error Exit status 8
120 error Failed at the material-start@0.0.0 postinstall script.
120 error This is most likely a problem with the material-start package,
120 error not with npm itself.
120 error Tell the author that this fails on your system:
120 error     bower update
120 error You can get their info via:
120 error     npm owner ls material-start
120 error There is likely additional logging output above.
121 error System Linux 3.19.0-031900-generic
122 error command "/usr/local/bin/node" "/usr/local/bin/npm" "install"
123 error cwd /home/noam/Documents/Projects/hackathon_s15/race_fe
124 error node -v v0.10.34
125 error npm -v 1.4.28
126 error code ELIFECYCLE
127 verbose exit [ 1, true ]
